<?xml version="1.0" encoding="UTF-8"?>
<!-- Generated by org.testng.reporters.JUnitReportReporter -->
<testsuite hostname="DESKTOP-J9EO0C6" failures="0" tests="1" name="Practice.AutoSugg" time="0.015" errors="0" timestamp="2022-09-21T15:49:34 IST" skipped="0">
  <testcase classname="Practice.AutoSugg" name="anagram" time="0.015"/>
  <system-out/>
</testsuite> <!-- Practice.AutoSugg -->
