<?xml version="1.0" encoding="UTF-8"?>
<!-- Generated by org.testng.reporters.JUnitReportReporter -->
<testsuite hostname="DESKTOP-J9EO0C6" failures="0" tests="1" name="Practice.Readertext" time="0.068" errors="0" timestamp="2022-09-10T22:00:51 IST" skipped="0">
  <testcase classname="Practice.Readertext" name="texttt" time="0.068"/>
  <system-out/>
</testsuite> <!-- Practice.Readertext -->
