<?xml version="1.0" encoding="UTF-8"?>
<!-- Generated by org.testng.reporters.JUnitReportReporter -->
<testsuite hostname="DESKTOP-J9EO0C6" failures="0" tests="1" name="Practice.AmazonMobileCost" time="48.398" errors="0" timestamp="2022-09-15T17:30:26 IST" skipped="0">
  <testcase classname="Practice.AmazonMobileCost" name="allMobilePrice" time="48.398"/>
  <system-out/>
</testsuite> <!-- Practice.AmazonMobileCost -->
